This is XeTeX, Version 3.141592653-2.6-0.999993 (TeX Live 2021/Arch Linux) (preloaded format=xelatex 2021.12.28)  21 MAR 2022 01:18
entering extended mode
 restricted \write18 enabled.
 %&-line parsing enabled.
**Bible.tex
(./Bible.tex
LaTeX2e <2021-11-15> patch level 1
L3 programming layer <2021-11-22> (./OldTestament.tex
(/usr/share/texmf-dist/tex/latex/extsizes/extarticle.cls
Document Class: extarticle 1996/10/08 v1.0 Non Standard LaTeX document class
(/usr/share/texmf-dist/tex/latex/extsizes/size8.clo
File: size8.clo 1999/11/11 v1.4a NON-Standard LaTeX file (size option)
)
(/usr/share/texmf-dist/tex/latex/base/exscale.sty
Package: exscale 2018/09/24 v2.1i Standard LaTeX package exscale
LaTeX Font Info:    Redeclaring symbol font `largesymbols' on input line 57.
LaTeX Font Info:    Overwriting symbol font `largesymbols' in version `normal'
(Font)                  OMX/cmex/m/n --> OMX/cmex/m/n on input line 57.
LaTeX Font Info:    Overwriting symbol font `largesymbols' in version `bold'
(Font)                  OMX/cmex/m/n --> OMX/cmex/m/n on input line 57.
\big@size=\dimen138
)
\c@part=\count179
\c@section=\count180
\c@subsection=\count181
\c@subsubsection=\count182
\c@paragraph=\count183
\c@subparagraph=\count184
\c@figure=\count185
\c@table=\count186
\abovecaptionskip=\skip47
\belowcaptionskip=\skip48
\bibindent=\dimen139
)
(/usr/share/texmf-dist/tex/generic/babel/babel.sty
Package: babel 2021/11/29 3.67 The Babel package
\babel@savecnt=\count187
\U@D=\dimen140
\l@unhyphenated=\language87

(/usr/share/texmf-dist/tex/generic/babel/xebabel.def
(/usr/share/texmf-dist/tex/generic/babel/txtbabel.def))
\bbl@readstream=\read2
\bbl@dirlevel=\count188

(/usr/share/texmf-dist/tex/generic/babel-greek/greek.ldf
Language: greek 2020/11/10 v1.10 Greek support for the babel system
\bbl@monogreek=\count189
\bbl@polygreek=\count190
\bbl@ancientgreek=\count191

(/usr/share/texmf-dist/tex/latex/greek-fontenc/tuenc-greek.def
File: tuenc-greek.def 2020/10/13 2.0 Greek LICRs for XeTeX and LuaTeX

(/usr/share/texmf-dist/tex/latex/greek-fontenc/greek-fontenc.def
File: greek-fontenc.def 2020/10/30 2.0 Common Greek font encoding definitions
))))
(/usr/share/texmf-dist/tex/latex/base/fontenc.sty
Package: fontenc 2021/04/29 v2.0v Standard LaTeX package

(/usr/share/texmf-dist/tex/latex/greek-fontenc/lgrenc.def
File: lgrenc.def 2020/10/13 2.0 LGR Greek font encoding definitions

(/usr/share/texmf-dist/tex/latex/greek-fontenc/greek-fontenc.def
File: greek-fontenc.def 2020/10/30 2.0 Common Greek font encoding definitions
))
LaTeX Font Info:    Trying to load font information for LGR+lmr on input line 1
12.

(/usr/share/texmf-dist/tex/latex/cbfonts-fd/lgrlmr.fd
File: lgrlmr.fd 2017/07/29 v1.2 Scalable Greek Latin Modern Regular
))
(/usr/share/texmf-dist/tex/latex/fontspec/fontspec.sty
(/usr/share/texmf-dist/tex/latex/l3packages/xparse/xparse.sty
(/usr/share/texmf-dist/tex/latex/l3kernel/expl3.sty
Package: expl3 2021-11-22 L3 programming layer (loader) 

(/usr/share/texmf-dist/tex/latex/l3backend/l3backend-xetex.def
File: l3backend-xetex.def 2021-12-14 L3 backend support: XeTeX

(|extractbb --version)
\c__kernel_sys_dvipdfmx_version_int=\count192
\l__color_backend_stack_int=\count193
\g__color_backend_stack_int=\count194
\g__graphics_track_int=\count195
\l__pdf_internal_box=\box50
\g__pdf_backend_object_int=\count196
\g__pdf_backend_annotation_int=\count197
\g__pdf_backend_link_int=\count198
))
Package: xparse 2021-11-12 L3 Experimental document command parser
)
Package: fontspec 2020/02/21 v2.7i Font selection for XeLaTeX and LuaLaTeX

(/usr/share/texmf-dist/tex/latex/fontspec/fontspec-xetex.sty
Package: fontspec-xetex 2020/02/21 v2.7i Font selection for XeLaTeX and LuaLaTe
X
\l__fontspec_script_int=\count199
\l__fontspec_language_int=\count266
\l__fontspec_strnum_int=\count267
\l__fontspec_tmp_int=\count268
\l__fontspec_tmpa_int=\count269
\l__fontspec_tmpb_int=\count270
\l__fontspec_tmpc_int=\count271
\l__fontspec_em_int=\count272
\l__fontspec_emdef_int=\count273
\l__fontspec_strong_int=\count274
\l__fontspec_strongdef_int=\count275
\l__fontspec_tmpa_dim=\dimen141
\l__fontspec_tmpb_dim=\dimen142
\l__fontspec_tmpc_dim=\dimen143

(/usr/share/texmf-dist/tex/latex/base/fontenc.sty
Package: fontenc 2021/04/29 v2.0v Standard LaTeX package
)
(/usr/share/texmf-dist/tex/latex/fontspec/fontspec.cfg)))

Package fontspec Info: Font family 'GFSArtemisia(0)' created for font 'GFS
(fontspec)             Artemisia' with options [Ligatures=TeX].
(fontspec)              
(fontspec)              This font family consists of the following NFSS
(fontspec)             series/shapes:
(fontspec)              
(fontspec)             - 'normal' (m/n) with NFSS spec.: <->"GFS
(fontspec)             Artemisia/OT:script=latn;language=dflt;mapping=tex-text;
"
(fontspec)             - 'small caps'  (m/sc) with NFSS spec.: <->"GFS
(fontspec)             Artemisia/OT:script=latn;language=dflt;+smcp;mapping=tex
-text;"
(fontspec)             - 'bold' (b/n) with NFSS spec.: <->"GFS
(fontspec)             Artemisia/B/OT:script=latn;language=dflt;mapping=tex-tex
t;"
(fontspec)             - 'bold small caps'  (b/sc) with NFSS spec.: 
(fontspec)             - 'italic' (m/it) with NFSS spec.: <->"GFS
(fontspec)             Artemisia/I/OT:script=latn;language=dflt;mapping=tex-tex
t;"
(fontspec)             - 'italic small caps'  (m/scit) with NFSS spec.: 
(fontspec)             - 'bold italic' (b/it) with NFSS spec.: <->"GFS
(fontspec)             Artemisia/BI/OT:script=latn;language=dflt;mapping=tex-te
xt;"
(fontspec)             - 'bold italic small caps'  (b/scit) with NFSS spec.: 


(/usr/share/texmf-dist/tex/latex/geometry/geometry.sty
Package: geometry 2020/01/02 v5.9 Page Geometry

(/usr/share/texmf-dist/tex/latex/graphics/keyval.sty
Package: keyval 2014/10/28 v1.15 key=value parser (DPC)
\KV@toks@=\toks16
)
(/usr/share/texmf-dist/tex/generic/iftex/ifvtex.sty
Package: ifvtex 2019/10/25 v1.7 ifvtex legacy package. Use iftex instead.

(/usr/share/texmf-dist/tex/generic/iftex/iftex.sty
Package: iftex 2020/03/06 v1.0d TeX engine tests
))
\Gm@cnth=\count276
\Gm@cntv=\count277
\c@Gm@tempcnt=\count278
\Gm@bindingoffset=\dimen144
\Gm@wd@mp=\dimen145
\Gm@odd@mp=\dimen146
\Gm@even@mp=\dimen147
\Gm@layoutwidth=\dimen148
\Gm@layoutheight=\dimen149
\Gm@layouthoffset=\dimen150
\Gm@layoutvoffset=\dimen151
\Gm@dimlist=\toks17
)
(/usr/share/texmf-dist/tex/latex/hyphenat/hyphenat.sty
Package: hyphenat 2009/09/02 v2.3c hyphenation utilities
\langwohyphens=\language88
LaTeX Info: Redefining \_ on input line 43.
) (./Bible.aux)
\openout1 = `Bible.aux'.

LaTeX Font Info:    Checking defaults for OML/cmm/m/it on input line 17.
LaTeX Font Info:    ... okay on input line 17.
LaTeX Font Info:    Checking defaults for OMS/cmsy/m/n on input line 17.
LaTeX Font Info:    ... okay on input line 17.
LaTeX Font Info:    Checking defaults for OT1/cmr/m/n on input line 17.
LaTeX Font Info:    ... okay on input line 17.
LaTeX Font Info:    Checking defaults for T1/cmr/m/n on input line 17.
LaTeX Font Info:    ... okay on input line 17.
LaTeX Font Info:    Checking defaults for TS1/cmr/m/n on input line 17.
LaTeX Font Info:    Trying to load font information for TS1+cmr on input line 1
7.

(/usr/share/texmf-dist/tex/latex/base/ts1cmr.fd
File: ts1cmr.fd 2019/12/16 v2.5j Standard LaTeX font definitions
)
LaTeX Font Info:    ... okay on input line 17.
LaTeX Font Info:    Checking defaults for TU/lmr/m/n on input line 17.
LaTeX Font Info:    ... okay on input line 17.
LaTeX Font Info:    Checking defaults for OMX/cmex/m/n on input line 17.
LaTeX Font Info:    ... okay on input line 17.
LaTeX Font Info:    Checking defaults for U/cmr/m/n on input line 17.
LaTeX Font Info:    ... okay on input line 17.
LaTeX Font Info:    Checking defaults for LGR/cmr/m/n on input line 17.
LaTeX Font Info:    Trying to load font information for LGR+cmr on input line 1
7.

(/usr/share/texmf-dist/tex/latex/cbfonts-fd/lgrcmr.fd
File: lgrcmr.fd 2017/07/29 v1.2 Greek European Computer Regular
)
LaTeX Font Info:    ... okay on input line 17.

Package fontspec Info: Adjusting the maths setup (use [no-math] to avoid
(fontspec)             this).

\symlegacymaths=\mathgroup4
LaTeX Font Info:    Overwriting symbol font `legacymaths' in version `bold'
(Font)                  OT1/cmr/m/n --> OT1/cmr/bx/n on input line 17.
LaTeX Font Info:    Redeclaring math accent \acute on input line 17.
LaTeX Font Info:    Redeclaring math accent \grave on input line 17.
LaTeX Font Info:    Redeclaring math accent \ddot on input line 17.
LaTeX Font Info:    Redeclaring math accent \tilde on input line 17.
LaTeX Font Info:    Redeclaring math accent \bar on input line 17.
LaTeX Font Info:    Redeclaring math accent \breve on input line 17.
LaTeX Font Info:    Redeclaring math accent \check on input line 17.
LaTeX Font Info:    Redeclaring math accent \hat on input line 17.
LaTeX Font Info:    Redeclaring math accent \dot on input line 17.
LaTeX Font Info:    Redeclaring math accent \mathring on input line 17.
LaTeX Font Info:    Redeclaring math symbol \colon on input line 17.
LaTeX Font Info:    Redeclaring math symbol \Gamma on input line 17.
LaTeX Font Info:    Redeclaring math symbol \Delta on input line 17.
LaTeX Font Info:    Redeclaring math symbol \Theta on input line 17.
LaTeX Font Info:    Redeclaring math symbol \Lambda on input line 17.
LaTeX Font Info:    Redeclaring math symbol \Xi on input line 17.
LaTeX Font Info:    Redeclaring math symbol \Pi on input line 17.
LaTeX Font Info:    Redeclaring math symbol \Sigma on input line 17.
LaTeX Font Info:    Redeclaring math symbol \Upsilon on input line 17.
LaTeX Font Info:    Redeclaring math symbol \Phi on input line 17.
LaTeX Font Info:    Redeclaring math symbol \Psi on input line 17.
LaTeX Font Info:    Redeclaring math symbol \Omega on input line 17.
LaTeX Font Info:    Redeclaring math symbol \mathdollar on input line 17.
LaTeX Font Info:    Redeclaring symbol font `operators' on input line 17.
LaTeX Font Info:    Encoding `OT1' has changed to `TU' for symbol font
(Font)              `operators' in the math version `normal' on input line 17.
LaTeX Font Info:    Overwriting symbol font `operators' in version `normal'
(Font)                  OT1/cmr/m/n --> TU/GFSArtemisia(0)/m/n on input line 17
.
LaTeX Font Info:    Encoding `OT1' has changed to `TU' for symbol font
(Font)              `operators' in the math version `bold' on input line 17.
LaTeX Font Info:    Overwriting symbol font `operators' in version `bold'
(Font)                  OT1/cmr/bx/n --> TU/GFSArtemisia(0)/m/n on input line 1
7.
LaTeX Font Info:    Overwriting symbol font `operators' in version `normal'
(Font)                  TU/GFSArtemisia(0)/m/n --> TU/GFSArtemisia(0)/m/n on in
put line 17.
LaTeX Font Info:    Overwriting math alphabet `\mathit' in version `normal'
(Font)                  OT1/cmr/m/it --> TU/GFSArtemisia(0)/m/it on input line 
17.
LaTeX Font Info:    Overwriting math alphabet `\mathbf' in version `normal'
(Font)                  OT1/cmr/bx/n --> TU/GFSArtemisia(0)/b/n on input line 1
7.
LaTeX Font Info:    Overwriting math alphabet `\mathsf' in version `normal'
(Font)                  OT1/cmss/m/n --> TU/lmss/m/n on input line 17.
LaTeX Font Info:    Overwriting math alphabet `\mathtt' in version `normal'
(Font)                  OT1/cmtt/m/n --> TU/lmtt/m/n on input line 17.
LaTeX Font Info:    Overwriting symbol font `operators' in version `bold'
(Font)                  TU/GFSArtemisia(0)/m/n --> TU/GFSArtemisia(0)/b/n on in
put line 17.
LaTeX Font Info:    Overwriting math alphabet `\mathit' in version `bold'
(Font)                  OT1/cmr/bx/it --> TU/GFSArtemisia(0)/b/it on input line
 17.
LaTeX Font Info:    Overwriting math alphabet `\mathsf' in version `bold'
(Font)                  OT1/cmss/bx/n --> TU/lmss/b/n on input line 17.
LaTeX Font Info:    Overwriting math alphabet `\mathtt' in version `bold'
(Font)                  OT1/cmtt/m/n --> TU/lmtt/b/n on input line 17.

*geometry* driver: auto-detecting
*geometry* detected driver: xetex
*geometry* verbose mode - [ preamble ] result:
* driver: xetex
* paper: custom
* layout: <same size as paper>
* layoutoffset:(h,v)=(0.0pt,0.0pt)
* modes: twoside 
* h-part:(L,W,R)=(72.26999pt, 252.94502pt, 180.67499pt)
* v-part:(T,H,B)=(72.26999pt, 578.16002pt, 72.26999pt)
* \paperwidth=505.89pt
* \paperheight=722.7pt
* \textwidth=252.94502pt
* \textheight=578.16002pt
* \oddsidemargin=0.0pt
* \evensidemargin=108.405pt
* \topmargin=-37.0pt
* \headheight=12.0pt
* \headsep=25.0pt
* \topskip=9.0pt
* \footskip=30.0pt
* \marginparwidth=131.0pt
* \marginparsep=10.0pt
* \columnsep=10.0pt
* \skip\footins=7.0pt plus 4.0pt minus 2.0pt
* \hoffset=0.0pt
* \voffset=0.0pt
* \mag=1000
* \@twocolumnfalse
* \@twosidetrue
* \@mparswitchtrue
* \@reversemarginfalse
* (1in=72.27pt=25.4mm, 1cm=28.453pt)

[1

] [2] [3] [4] [5] [6] [7] [8] [9] [10] [11] [12] [13] [14] [15] [16] [17]
[18] [19] [20] [21] [22] [23] [24] [25] [26] [27] [28] [29] [30] [31] [32]
[33] [34] [35] [36] [37] [38] [39] [40] [41] [42] [43] [44] [45] [46] [47]
[48] [49] [50]
Underfull \hbox (badness 1038) in paragraph at lines 1552--2718
\TU/GFSArtemisia(0)/m/n/8 γένος τῶν υἱῶν Ἰσραὴλ μέγα πλῆθος, καὶ ἰσχύει ὑπὲρ ἡμ
ᾶς.
 []


Underfull \hbox (badness 1028) in paragraph at lines 1552--2718
\TU/GFSArtemisia(0)/m/n/8 εἰς ἄλληλα συμπεπλεγμένα καθ’ ἑαυτό. Ἐξ αὐτοῦ ἐποίησα
ν
 []

[51] [52] [53] [54] [55] [56] [57] [58] [59] [60] [61] [62] [63] [64] [65]
[66] [67] [68] [69] [70] [71] [72] [73] [74] [75] [76] [77] [78] [79] [80]
[81] [82] [83] [84] [85] [86] [87] [88] [89] [90]
Underfull \hbox (badness 1009) in paragraph at lines 2719--3578
\TU/GFSArtemisia(0)/m/n/8 ὃς ἂν κοιμηθῇ μετὰ γυναικὸς ἀποκαθημένης, καὶ ἀποκαλύ
ψῃ
 []


Underfull \hbox (badness 1748) in paragraph at lines 2719--3578
\TU/GFSArtemisia(0)/m/n/8 ἀπεκάλυψε τὴν ῥύσιν τοῦ αἵματος αὐτῆς· ἐξολοθρευθήσον
ται
 []

[91] [92] [93] [94] [95] [96] [97] [98] [99] [100] [101] [102] [103] [104]
[105] [106] [107] [108] [109] [110] [111] [112] [113] [114] [115] [116]
[117] [118] [119] [120]
Underfull \hbox (badness 1043) in paragraph at lines 3579--4867
\TU/GFSArtemisia(0)/m/n/8 αὐτῶν ἐκ τῆς φυλῆς Συμεὼν, ἐννέα καὶ πεντήκοντα χιλιά
δες
 []


Underfull \hbox (badness 1052) in paragraph at lines 3579--4867
\TU/GFSArtemisia(0)/m/n/8 τεσσαράκοντα χιλιάδες καὶ πεντακόσιοι. Τοῖς υἱοῖς Νεφ
θαλὶ
 []


Underfull \hbox (badness 1436) in paragraph at lines 3579--4867
\TU/GFSArtemisia(0)/m/n/8 υἱὸς Σωγάρ. Δύναμις αὐτοῦ οἱ ἐπεσκεμμένοι, τέσσαρες κ
αὶ
 []


Underfull \hbox (badness 1077) in paragraph at lines 3579--4867
\TU/GFSArtemisia(0)/m/n/8 ἐχόμενοι φυλῆς Ζαβουλὼν, καὶ ὁ ἄρχων τῶν υἱῶν Ζαβουλὼ
ν,
 []


Underfull \hbox (badness 1043) in paragraph at lines 3579--4867
\TU/GFSArtemisia(0)/m/n/8 τῆς παρεμβολῆς Ῥουβὴν, ἑκατὸν πεντήκοντα μία χιλιάδες
 καὶ
 []


Underfull \hbox (badness 1721) in paragraph at lines 3579--4867
\TU/GFSArtemisia(0)/m/n/8 αὐτὴν, καὶ πάντα τὰ σκεύη αὐτῆς, εἰς κάλυμμα δερμάτιν
ον
 []


Underfull \hbox (badness 1681) in paragraph at lines 3579--4867
\TU/GFSArtemisia(0)/m/n/8 λειτουργοῦσιν ἐπ’ αὐτῷ ἐν αὐτοῖς, καὶ τὰ πυρεῖα, καὶ 
τὰς
 []

[121] [122] [123] [124] [125] [126] [127] [128] [129] [130] [131] [132]
[133] [134] [135] [136] [137] [138] [139] [140] [141] [142] [143] [144]
[145] [146] [147] [148] [149] [150] [151] [152] [153] [154] [155] [156]
[157] [158] [159] [160] [161] [162] [163] [164] [165] [166] [167] [168]
[169] [170] [171] [172] [173] [174] [175] [176] [177] [178] [179] [180]
[181] [182] [183] [184] [185] [186] [187] [188] [189] [190] [191] [192]
[193] [194] [195] [196] [197] [198] [199] [200] [201] [202] [203] [204]
[205] [206] [207] [208] [209] [210] [211] [212] [213] [214] [215] [216]
[217] [218] [219] [220] [221]
Underfull \hbox (badness 1325) in paragraph at lines 6488--7106
\TU/GFSArtemisia(0)/m/n/8 Δεββῶρα· ἐξεγείρου, ἐξεγείρου, λάλησον ᾠδήν· ἀνάστα Β
αρὰκ,
 []


Underfull \hbox (badness 1314) in paragraph at lines 6488--7106
\TU/GFSArtemisia(0)/m/n/8 κατάλειμμα τοῖς ἰσχυροῖς· λαὸς Κυρίου κατέβη αὐτῷ ἐν 
τοῖς
 []


Underfull \hbox (badness 1077) in paragraph at lines 6488--7106
\TU/GFSArtemisia(0)/m/n/8 αὐτοῦ καταρᾶσθαι Μηρὼζ, εἶπεν ἄγγελος Κυρίου, καταρᾶσ
θε·
 []

[222] [223] [224] [225] [226] [227] [228] [229] [230] [231] [232] [233]
[234] [235] [236] [237] [238] [239] [240] [241] [242] [243] [244] [245]
[246] [247] [248] [249] [250] [251] [252] [253] [254] [255] [256] [257]
[258] [259] [260] [261] [262] [263] [264] [265] [266] [267] [268] [269]
[270] [271] [272] [273] [274] [275] [276] [277] [278] [279] [280] [281]
[282] [283] [284] [285] [286] [287] [288] [289] [290] [291] [292] [293]
[294] [295] [296] [297] [298] [299] [300] [301] [302] [303] [304] [305]
[306] [307] [308] [309]
Underfull \hbox (badness 1009) in paragraph at lines 8664--9487
\TU/GFSArtemisia(0)/m/n/8 ΚΑΙ ὁ βασιλεὺς Δαυὶδ πρεσβύτερος προβεβηκὼς ἡμέραις, 
καὶ
 []


Underfull \hbox (badness 1082) in paragraph at lines 8664--9487
\TU/GFSArtemisia(0)/m/n/8 οἱ παῖδες αὐτοῦ, ζητησάτωσαν τῷ βασιλεῖ παρθένον νεάν
ιδα,
 []

[310] [311] [312] [313] [314] [315] [316] [317] [318] [319] [320] [321]
[322] [323] [324] [325] [326] [327] [328] [329] [330] [331] [332] [333]
[334] [335] [336] [337] [338] [339] [340] [341] [342] [343] [344] [345]
[346] [347] [348] [349] [350] [351] [352] [353] [354] [355] [356] [357]
[358] [359] [360] [361] [362] [363] [364] [365] [366] [367] [368] [369]
[370] [371] [372]
Underfull \hbox (badness 3646) in paragraph at lines 10212--11143
\TU/GFSArtemisia(0)/m/n/8 ἈΔΑΜ, Σὴθ, Ἐνὼς, καὶ Καϊνᾶν, Μαλελεὴλ, Ἰάρεδ, Ἐνὼχ,
 []

[373] [374] [375] [376] [377] [378] [379] [380] [381] [382] [383] [384]
[385] [386] [387] [388] [389] [390] [391] [392] [393] [394] [395] [396]
[397] [398] [399] [400] [401] [402] [403] [404] [405] [406] [407] [408]
[409] [410] [411] [412] [413] [414] [415] [416] [417] [418] [419] [420]
[421] [422] [423] [424] [425] [426] [427] [428] [429] [430] [431] [432]
[433]
Underfull \hbox (badness 1603) in paragraph at lines 11977--12425
\TU/GFSArtemisia(0)/m/n/8 Βήλεμος, καὶ Μιθραδάτης, καὶ Ταβέλλιος, καὶ Ῥάθυμος, 
καὶ
 []


Underfull \hbox (badness 1038) in paragraph at lines 11977--12425
\TU/GFSArtemisia(0)/m/n/8 Υἱοὶ Ἠλὰμ, χίλιοι διακόσιοι πεντηκοντατέσσαρες· υἱοὶ 
Ζαθουῒ,
 []


Underfull \hbox (badness 3068) in paragraph at lines 11977--12425
\TU/GFSArtemisia(0)/m/n/8 Βανί, ἑξακόσιοι τεσσαρακονταοκτώ. Υἱοὶ Βηβαὶ, ἑξακόσι
οι
 []


Underfull \hbox (badness 1057) in paragraph at lines 11977--12425
\TU/GFSArtemisia(0)/m/n/8 τριακοντατρεῖς· υἱοὶ Ἀργαὶ, χίλιοι τριακόσιοι εἰκοσιδ
ύο. Υἱοὶ
 []


Underfull \hbox (badness 2205) in paragraph at lines 11977--12425
\TU/GFSArtemisia(0)/m/n/8 ἕξ· υἱοὶ Ἀδινοὺ, τετρακόσιοι πεντηκοντατέσσαρες· Υἱοὶ
 Ἀτὴρ
 []


Underfull \hbox (badness 1112) in paragraph at lines 11977--12425
\TU/GFSArtemisia(0)/m/n/8 υἱοὶ Ἀρὸμ, τριακονταδύο· υἱοὶ Βασσαὶ, τριακόσιοι εἰκο
σιτρεῖς·
 []


Underfull \hbox (badness 3138) in paragraph at lines 11977--12425
\TU/GFSArtemisia(0)/m/n/8 υἱοὶ ἐκ Βαιθλωμῶν, ἑκατὸν εἰκοσιτρεῖς. Οἱ ἐκ Νετωφὰς,

 []


Underfull \hbox (badness 1838) in paragraph at lines 11977--12425
\TU/GFSArtemisia(0)/m/n/8 Υἱοὶ Καλαμωλάλου, καὶ Ὠνοὺς, ἑπτακόσιοι εἰκοσιπέντε· 
υἱοὶ
 []


Underfull \hbox (badness 1009) in paragraph at lines 11977--12425
\TU/GFSArtemisia(0)/m/n/8 καὶ οἱ υἱοὶ τῶν παίδων Σαλωμὼν τριακόσιοι ἑβδομηκοντα
δύο.
 []


Underfull \hbox (badness 1831) in paragraph at lines 11977--12425
\TU/GFSArtemisia(0)/m/n/8 τριακονταπέντε, καὶ ἵπποι ἑπτακισχίλιοι τριακονταὲξ, 
ἡμίονοι
 []


Underfull \hbox (badness 1472) in paragraph at lines 11977--12425
\TU/GFSArtemisia(0)/m/n/8 τῶν πρεσβυτέρων τούτων, λέγοντες, τίνος ὑμῖν προστάξα
ντος
 []


Underfull \hbox (badness 1092) in paragraph at lines 11977--12425
\TU/GFSArtemisia(0)/m/n/8 βασιλέως Βαβυλῶνος βασιλέως τῶν Χαλδαίων. Τόν τε οἶκο
ν
 []


Underfull \hbox (badness 1052) in paragraph at lines 11977--12425
\TU/GFSArtemisia(0)/m/n/8 αὐτοῦ ναῷ, πάλιν ἐξήνεγκεν αὐτὰ Κύρος ὁ βασιλεὺς ἐκ τ
οῦ
 []

[434] [435] [436] [437] [438] [439] [440] [441] [442] [443] [444] [445]
[446] [447] [448] [449]
Underfull \hbox (badness 1014) in paragraph at lines 12426--13095
\TU/GFSArtemisia(0)/m/n/8 καὶ Ἰούδα ἀνὴρ εἰς πόλιν αὐτοῦ· Οἳ ἦλθον μετὰ Ζοροβάβ
ελ,
 []


Underfull \hbox (badness 1596) in paragraph at lines 12426--13095
\TU/GFSArtemisia(0)/m/n/8 Γαβὲρ, ἐννενηκονταπέντε. Υἱοὶ Βεθλαὲμ, ἑκατὸν εἰκοσιτ
ρεῖς.
 []


Underfull \hbox (badness 1642) in paragraph at lines 12426--13095
\TU/GFSArtemisia(0)/m/n/8 Υἱοὶ Ἀζμὼθ, τεσσαρακοντατρεῖς. Υἱοὶ Καριαθιαρὶμ, Χαφι
ρὰ,
 []


Underfull \hbox (badness 1360) in paragraph at lines 12426--13095
\TU/GFSArtemisia(0)/m/n/8 ἑβδομηκοντατρεῖς. Υἱοὶ Ἐμμὴρ, χίλιοι πεντηκονταδύο. Υ
ἱοὶ
 []


Underfull \hbox (badness 1205) in paragraph at lines 12426--13095
\TU/GFSArtemisia(0)/m/n/8 καὶ ἀσχημοσύνην βασιλέως οὐκ ἔξεστιν ἡμῖν ἰδεῖν· διὰ 
τοῦτο
 []


Underfull \hbox (badness 2376) in paragraph at lines 12426--13095
\TU/GFSArtemisia(0)/m/n/8 γἱοὶ Ζακχού, ἑπτακόσιοι ἑξήκοντα. γἱοὶ Βανουῒ, ἑξακόσ
ιοι
 []


Underfull \hbox (badness 1990) in paragraph at lines 12426--13095
\TU/GFSArtemisia(0)/m/n/8 τεσσαρακονταοκτώ. γἱοὶ Βηβὶ, ἑξακόσιοι εἰκοσιοκτώ. γἱ
οὶ
 []


Underfull \hbox (badness 3271) in paragraph at lines 12426--13095
\TU/GFSArtemisia(0)/m/n/8 γἱοὶ Ἠσὰμ, τριακόσιοι εἰκοσιοκτώ. γἱοὶ Βεσεῒ, τριακόσ
ιοι
 []


Underfull \hbox (badness 1052) in paragraph at lines 12426--13095
\TU/GFSArtemisia(0)/m/n/8 εἰκοσιτρεῖς. γἱοὶ Γαβαὼν, ἐννενηκονταπέντε. γἱοὶ Βαιθ
αλὲμ,
 []

[450] [451] [452] [453] [454] [455] [456] [457] [458] [459] [460] [461]
[462] [463] [464] [465] [466] [467] [468] [469] [470] [471]
Underfull \hbox (badness 1173) in paragraph at lines 13096--13341
\TU/GFSArtemisia(0)/m/n/8 ὑπεράνω Ἀσήρ. Ἐγὼ Τωβὶτ ὁδοῖς ἀληθείας ἐπορευόμην καὶ

 []

[472] [473] [474] [475] [476] [477] [478] [479] [480] [481] [482] [483]
[484] [485] [486] [487] [488] [489] [490] [491] [492] [493] [494] [495]
Underfull \hbox (badness 1430) in paragraph at lines 13682--13934
\TU/GFSArtemisia(0)/m/n/8 πυκνότερον τιμώμενοι, μεῖζον ἐφρόνησαν, καὶ οὐ μόνον 
τοὺς
 []


Underfull \hbox (badness 1924) in paragraph at lines 13682--13934
\TU/GFSArtemisia(0)/m/n/8 ἐσταυρῶσθαι σὺν τῇ πανοικίᾳ, τὴν καταξίαν τοῦ τὰ πάντ
α
 []

[496] [497] [498] [499] [500] [501] [502] [503] [504]
Underfull \hbox (badness 1072) in paragraph at lines 13935--14859
\TU/GFSArtemisia(0)/m/n/8 ΚΑΙ ἐγένετο μετὰ τὸ πατάξαι Ἀλέξανδρον τὸν Φιλίππου τ
ὸν
 []

[505] [506] [507] [508] [509] [510] [511] [512] [513] [514] [515] [516]
[517] [518] [519] [520] [521] [522] [523] [524] [525] [526] [527] [528]
[529] [530] [531] [532] [533] [534] [535] [536]
Underfull \hbox (badness 1742) in paragraph at lines 14860--15415
\TU/GFSArtemisia(0)/m/n/8 καὶ φιλοφρόνως ὑπὸ τοῦ ἀρχιερέως τῆς πόλεως ἀποδεχθεί
ς,
 []


Underfull \hbox (badness 1127) in paragraph at lines 14860--15415
\TU/GFSArtemisia(0)/m/n/8 αὐτὸν ἐκεῖ, καὶ μεμαστιγωμένον αὐτὸν προσδέξῃ, ἐάνπερ
 καὶ
 []


Underfull \hbox (badness 1264) in paragraph at lines 14860--15415
\TU/GFSArtemisia(0)/m/n/8 τῶν κακῶν δημιουργὸς καθεστηκώς. Καὶ τὸν εὐεργέτην τῆ
ς
 []


Underfull \hbox (badness 3701) in paragraph at lines 14860--15415
\TU/GFSArtemisia(0)/m/n/8 Πτολεμαίου τοῦ Φιλομήτορος βασιλέως, μεταλαβὼν Ἀντίοχ
ος
 []


Underfull \hbox (badness 2057) in paragraph at lines 14860--15415
\TU/GFSArtemisia(0)/m/n/8 ἔξω τῆς φήμης, ἐπισυνήχθη τὸ πλῆθος ἐπὶ τὸν Λυσίμαχον
,
 []


Underfull \hbox (badness 1540) in paragraph at lines 14860--15415
\TU/GFSArtemisia(0)/m/n/8 ὑπὸ τοῦ Κυρίου ἐκοινώνησε· καὶ ὁ καταλειφθεὶς ἐν τῇ τ
οῦ
 []


Underfull \hbox (badness 2617) in paragraph at lines 14860--15415
\TU/GFSArtemisia(0)/m/n/8 ἀνηνέγθησαν περιτετμηκυῖαι τὰ τέκνα αὐτῶν· τούτων δὲ 
ἐκ
 []


Underfull \hbox (badness 1231) in paragraph at lines 14860--15415
\TU/GFSArtemisia(0)/m/n/8 αὐτὰς τὴν πόλιν, κατὰ τοῦ τείχους ἐκρήμνισαν. Ἕτεροι 
δὲ
 []


Underfull \hbox (badness 1616) in paragraph at lines 14860--15415
\TU/GFSArtemisia(0)/m/n/8 πλησίον συνδραμόντες εἰς τὰ σπήλαια, λεληθότως ἄγειν 
τὴν
 []


Underfull \hbox (badness 1097) in paragraph at lines 14860--15415
\TU/GFSArtemisia(0)/m/n/8 τις τῶν πρωτευόντων γραμματέων, ἀνὴρ ἤδη προβεβηκὼς τ
ὴν
 []


Underfull \hbox (badness 1454) in paragraph at lines 14860--15415
\TU/GFSArtemisia(0)/m/n/8 Γενόμενος δὲ ἐν συστήματι ὁ Μακκαβαῖος, ἀνυπόστατος ἤ
δη
 []


Underfull \hbox (badness 1127) in paragraph at lines 14860--15415
\TU/GFSArtemisia(0)/m/n/8 διεχεῖτο πανταχῆ. Συνορῶν δὲ ὁ Φίλιππος κατὰ μικρὸν ε
ἰς
 []


Underfull \hbox (badness 1014) in paragraph at lines 14860--15415
\TU/GFSArtemisia(0)/m/n/8 καὶ τὸν τῆς ἐμπεπαιγμένης πόλεως αἰκισμόν, ἔτι δὲ τὴν
 τῆς
 []


Underfull \hbox (badness 1337) in paragraph at lines 14860--15415
\TU/GFSArtemisia(0)/m/n/8 γενομένην, ὡς οἱ πάντες ἐπὶ τὴν χρείαν ἦλθον ὀκτακισχ
ιλιοι
 []


Underfull \hbox (badness 1983) in paragraph at lines 14860--15415
\TU/GFSArtemisia(0)/m/n/8 δὲ φυγεῖν ἠνάγκασαν. Τὰ δὲ χρήματα τῶν παραγεγονότων
 []


Underfull \hbox (badness 1668) in paragraph at lines 14860--15415
\TU/GFSArtemisia(0)/m/n/8 ἐλεήμονα Κύριον ἠξίουν εἰς τέλος, καταλλαγῆναι τοῖς α
ὐτοῦ
 []


Underfull \hbox (badness 1102) in paragraph at lines 14860--15415
\TU/GFSArtemisia(0)/m/n/8 ἀναγκαῖον ἡγησάμην φροντίσαι τῆς κοινῆς πάντων ἀσφαλε
ίας·
 []


Underfull \hbox (badness 1028) in paragraph at lines 14860--15415
\TU/GFSArtemisia(0)/m/n/8 τι δυοχερὲς, εἰδότες οἱ κατὰ τὴν χώραν ᾧ καταλέλειπτα
ι τὰ
 []


Underfull \hbox (badness 1259) in paragraph at lines 14860--15415
\TU/GFSArtemisia(0)/m/n/8 ἠξίωσαν τὸν Κύριον πεσόντες ἐπὶ κοιλίαν, μηκέτι περιπ
εσεῖν
 []


Underfull \hbox (badness 1028) in paragraph at lines 14860--15415
\TU/GFSArtemisia(0)/m/n/8 δὲ μετὰ κοινοῦ προστάγματος καὶ ψηφίσματος παντὶ τῷ τ
ῶν
 []


Underfull \hbox (badness 1112) in paragraph at lines 14860--15415
\TU/GFSArtemisia(0)/m/n/8 μὲν τῆς Ἀντιόχου τοῦ προσαγορευθέντος Ἐπιφανοῦς τελευ
τῆς
 []


Underfull \hbox (badness 1009) in paragraph at lines 14860--15415
\TU/GFSArtemisia(0)/m/n/8 δὲ τοῦ ἀσεβοῦς γενόμενον, δηλώσομεν, αὐτά συντέμνοντε
ς τὰ
 []


Underfull \hbox (badness 1325) in paragraph at lines 14860--15415
\TU/GFSArtemisia(0)/m/n/8 γεγονυῖαν εἰς αὐτοὺς ἀδικίαν, καί ἐπειρᾶτο τὰ πρὸς αὐ
τοὺς
 []


Underfull \hbox (badness 1142) in paragraph at lines 14860--15415
\TU/GFSArtemisia(0)/m/n/8 ὡς ἀργυρίου πεπράκασι τοὺς ἀδελφοὺς, τοὺς πολεμίους κ
ατ’
 []


Underfull \hbox (badness 1281) in paragraph at lines 14860--15415
\TU/GFSArtemisia(0)/m/n/8 αὐτῶν ἀπολύσαντες. Τούτους μὲν οὖν προδότας γενομένου
ς
 []


Underfull \hbox (badness 1831) in paragraph at lines 14860--15415
\TU/GFSArtemisia(0)/m/n/8 ἄνδρες πέντε διαπρεπεῖς, καὶ ἀφηγούμενοι τῶν Ἰουδαίων
 οἱ
 []


Underfull \hbox (badness 1546) in paragraph at lines 14860--15415
\TU/GFSArtemisia(0)/m/n/8 τὴν πόλιν, καὶ τὸν Τιμόθεον ἀποκεκρυμμένον ἔν τινι λά
κκῳ
 []


Underfull \hbox (badness 1460) in paragraph at lines 14860--15415
\TU/GFSArtemisia(0)/m/n/8 γυμνοὶ διεσώθησαν· καὶ αὐτὸς δὲ ὁ Λυσίας αἰσχρῶς φεύγ
ων
 []


Underfull \hbox (badness 1762) in paragraph at lines 14860--15415
\TU/GFSArtemisia(0)/m/n/8 τεσσαράκοντα. Ἐκεῖθεν δὲ ἀποσπασθέντων σταδίους ἐννέα
,
 []


Underfull \hbox (badness 1199) in paragraph at lines 14860--15415
\TU/GFSArtemisia(0)/m/n/8 τῇ τε τῶν βρωμάτων παραθέσει, ἀναγωγότερον ἐχρῶντο, τ
οῖς
 []


Underfull \hbox (badness 1331) in paragraph at lines 14860--15415
\TU/GFSArtemisia(0)/m/n/8 ἐνέσεισαν θηριωδῶς τῷ τείχει. Καταλαβόμενοί τε τὴν πό
λιν
 []


Underfull \hbox (badness 1789) in paragraph at lines 14860--15415
\TU/GFSArtemisia(0)/m/n/8 αἵματι πεπληρωμένην φαίνεσθαι. Ἐκεῖθεν δὲ ἀποσπάσαντε
ς
 []


Underfull \hbox (badness 1701) in paragraph at lines 14860--15415
\TU/GFSArtemisia(0)/m/n/8 καταλελοιπότα δὲ φρουρὰν ἔν τινι τόπῳ, καὶ μάλα ὀχυρά
ν.
 []


Underfull \hbox (badness 1014) in paragraph at lines 14860--15415
\TU/GFSArtemisia(0)/m/n/8 Τὴν δὲ ἔφοδον μεταλαβὼν Ἰούδα, ὁ Τιμόθεος προεξαπέστε
ιλε
 []


Underfull \hbox (badness 1127) in paragraph at lines 14860--15415
\TU/GFSArtemisia(0)/m/n/8 ἀκμαῖς ἀναπείρεσθαι. Ἐποιεῖτο δὲ τὸν διωγμὸν εὐτονώτε
ρον
 []


Underfull \hbox (badness 1430) in paragraph at lines 14860--15415
\TU/GFSArtemisia(0)/m/n/8 παραθέσεις ὑπῆρχον. Ἐπικαλεσάμενοι δὲ τὸν Δυνάστην τὸ
ν
 []


Underfull \hbox (badness 1158) in paragraph at lines 14860--15415
\TU/GFSArtemisia(0)/m/n/8 καὶ πεντακισχιλίους. Ἀναζεύξαντες δὲ ἐκεῖθεν, ὥρμησαν
 ἐπὶ
 []


Underfull \hbox (badness 1097) in paragraph at lines 14860--15415
\TU/GFSArtemisia(0)/m/n/8 ἐπὶ Γοργίαν τὸν τῆς Ἰδουμαίας στρατηγόν. Ἐξῆλθε δὲ με
τὰ
 []


Underfull \hbox (badness 1297) in paragraph at lines 14860--15415
\TU/GFSArtemisia(0)/m/n/8 ὁσία καὶ εὐσεβὴς ἡ ἐπίνοια· ὅθεν περὶ τῶν τεθνηκότων 
τὸν
 []


Underfull \hbox (badness 1314) in paragraph at lines 14860--15415
\TU/GFSArtemisia(0)/m/n/8 ἀγωνίσασθαι μέχρι θανάτου περὶ νόμων, περὶ ἱεροῦ, πόλ
εως,
 []


Underfull \hbox (badness 1502) in paragraph at lines 14860--15415
\TU/GFSArtemisia(0)/m/n/8 διαστάλσεις. Προσῆλθεν ἐπὶ τὸ βῆμα Λυσίας, ἀπελογήσατ
ο
 []


Underfull \hbox (badness 1286) in paragraph at lines 14860--15415
\TU/GFSArtemisia(0)/m/n/8 ἐχώρησε. Μετὰ δὲ τριετῆ χρόνον προσέπεσε τοῖς περὶ τὸ
ν
 []


Underfull \hbox (badness 1097) in paragraph at lines 14860--15415
\TU/GFSArtemisia(0)/m/n/8 τὸν Ἰούδαν ἔθνη συνέμισγον ἀγεληδὸν τῷ Νικάνορι, τὰς 
τῶν
 []


Underfull \hbox (badness 2042) in paragraph at lines 14860--15415
\TU/GFSArtemisia(0)/m/n/8 Κύριε διατήρησον εἰς αἰῶνα ἀμίαντον τόνδε τὸν προσφάτ
ως
 []


Underfull \hbox (badness 1533) in paragraph at lines 14860--15415
\TU/GFSArtemisia(0)/m/n/8 κεκαθαρισμένον οἶκον. Ῥαζὶς δέ τις τῶν ἀπὸ Ἱεροσολύμω
ν
 []


Underfull \hbox (badness 2103) in paragraph at lines 14860--15415
\TU/GFSArtemisia(0)/m/n/8 καλῶς ἀκούων, καὶ κατὰ τὴν εὔνοιαν πατὴρ τῶν Ἰουδαίων

 []

[537] [538] [539] [540] [541] [542] [543] [544] [545] [546] [547] [548]
[549] [550] [551] [552] [553] [554] [555] [556] [557] [558]
Underfull \hbox (badness 1412) in paragraph at lines 15416--15644
\TU/GFSArtemisia(0)/m/n/8 τῶν ἐπ’ αὐτοῦ κρατουμένων τόπων ἀφαίρεσιν ὑπὸ Ἀντιόχο
υ,
 []


Underfull \hbox (badness 1571) in paragraph at lines 15416--15644
\TU/GFSArtemisia(0)/m/n/8 ἔκρινε τὰς πλησίον πόλεις ἐπελθὼν παρακαλέσαι. Ποιήσα
ς
 []


Underfull \hbox (badness 2158) in paragraph at lines 15416--15644
\TU/GFSArtemisia(0)/m/n/8 πρὸς αὐτὸν ἀπὸ τῆς γερουσίας καὶ τῶν πρεσβυτέρων τοὺς

 []


Underfull \hbox (badness 2057) in paragraph at lines 15416--15644
\TU/GFSArtemisia(0)/m/n/8 ἀσπασομένους αὐτὸν. Καὶ ξένια κομιοῦντας, καὶ ἐπὶ τοῖ
ς
 []


Underfull \hbox (badness 1210) in paragraph at lines 15416--15644
\TU/GFSArtemisia(0)/m/n/8 ἀληθινός. Ἐπεὶ δὲ πλεονάκις θλιβέντων τῶν πατέρων ἡμῶ
ν
 []


Underfull \hbox (badness 1092) in paragraph at lines 15416--15644
\TU/GFSArtemisia(0)/m/n/8 ἐν θυμῷ αὐτῶν, μηδὲ ἀγαλλιάσωνται ἐν ὑπερηφανίᾳ γλώσσ
ης
 []


Underfull \hbox (badness 1389) in paragraph at lines 15416--15644
\TU/GFSArtemisia(0)/m/n/8 καὶ εὐχρηστίας ἐστέρουν. Ἃ καὶ μεταλαμβάνων ὁ δυσσεβὴ
ς
 []


Underfull \hbox (badness 2310) in paragraph at lines 15416--15644
\TU/GFSArtemisia(0)/m/n/8 σεβόμενοι δὲ τὸν Θεόν καὶ τῷ τούτου νόμῳ πολιτευόμενο
ι,
 []


Underfull \hbox (badness 1308) in paragraph at lines 15416--15644
\TU/GFSArtemisia(0)/m/n/8 δὲ εἶναι καὶ μέγα τι τοῖς πράγμασιν ἐναντιουμένους· κ
αὶ οὐ
 []


Underfull \hbox (badness 1062) in paragraph at lines 15416--15644
\TU/GFSArtemisia(0)/m/n/8 φιλανθρωπίᾳ τιθηνήσασθαι τὰ κατοικοῦντα κοίλην Συρίαν
 καὶ
 []


Underfull \hbox (badness 1097) in paragraph at lines 15416--15644
\TU/GFSArtemisia(0)/m/n/8 ἱεροῖς ἀπονείμαντες προσόδους πλείστας, προήχθημεν κα
ὶ εἰς
 []


Underfull \hbox (badness 1484) in paragraph at lines 15416--15644
\TU/GFSArtemisia(0)/m/n/8 καλλίστοις ἀναθήμασι τιμῆσαι, τύφοις φερόμενοι παλαιο
τέροις
 []


Underfull \hbox (badness 1072) in paragraph at lines 15416--15644
\TU/GFSArtemisia(0)/m/n/8 ἣν ἔχομεν πρὸς ἅπαντας ἀνθρώπους φιλανθρωπίαν. Τὴν δὲ

 []


Underfull \hbox (badness 1924) in paragraph at lines 15416--15644
\TU/GFSArtemisia(0)/m/n/8 ἐξαλλοιῶσαι, ἐβουλήθημεν καὶ πολιτείας αὐτοὺς Ἀλεξανδ
ρέων
 []


Underfull \hbox (badness 1320) in paragraph at lines 15416--15644
\TU/GFSArtemisia(0)/m/n/8 παρέκαστα ὑφορώμενοι διὰ τῆς δυσκλεεστάτης ἐμβιώσεως 
διὰ
 []


Underfull \hbox (badness 1331) in paragraph at lines 15416--15644
\TU/GFSArtemisia(0)/m/n/8 Παντῇ δὲ ὅπου προσέπιπτε τοῦτο τὸ πρόσταγμα, δημοτελὴ
ς
 []


Underfull \hbox (badness 1237) in paragraph at lines 15416--15644
\TU/GFSArtemisia(0)/m/n/8 συζυγεῖς βρόχοις ἀντὶ στεφέων τοὺς αὐχένας περιπεπλεγ
μένοι
 []


Underfull \hbox (badness 2951) in paragraph at lines 15416--15644
\TU/GFSArtemisia(0)/m/n/8 τοὺς ὀφθαλμοὺς, ἀγωγὴν ἐπιβούλων ἐν παντὶ τῷ κατάπλῳ
 []


Underfull \hbox (badness 1237) in paragraph at lines 15416--15644
\TU/GFSArtemisia(0)/m/n/8 ἡμέρας. Ἐγίνετο μὲν οὖν ἡ τοὺτων ἀπογραφὴ μετὰ πικρᾶς

 []


Underfull \hbox (badness 1152) in paragraph at lines 15416--15644
\TU/GFSArtemisia(0)/m/n/8 Ἕρμων συνετέλει. Οἵ τε πρὸς τούτοις λειτουργοὶ κατὰ τ
ὴν
 []


Underfull \hbox (badness 1331) in paragraph at lines 15416--15644
\TU/GFSArtemisia(0)/m/n/8 αὐτοὺς μετὰ δεσμῶν ἀνάγκην, τὸν παντοκράτορα Κύριον κ
αὶ
 []


Underfull \hbox (badness 1466) in paragraph at lines 15416--15644
\TU/GFSArtemisia(0)/m/n/8 συστησάμενος πάλιν τὸ συμπόσιον, εἰς εὐφροσύνην τραπῆ
ναι
 []


Underfull \hbox (badness 1681) in paragraph at lines 15416--15644
\TU/GFSArtemisia(0)/m/n/8 ἀγηοχὼς, εὐωδεστάτοις πόμασιν οἴνῳ λελιβανωμένου φοβε
ραῖς
 []


Underfull \hbox (badness 1648) in paragraph at lines 15416--15644
\TU/GFSArtemisia(0)/m/n/8 καταστροφήν. Ὡς δὲ τῶν ἐλεφάντων ἐξιόντων περὶ πύλην,

 []


Underfull \hbox (badness 2065) in paragraph at lines 15416--15644
\TU/GFSArtemisia(0)/m/n/8 ὠμότητι· καὶ ἐμὲ αὐτὸν τὸν ὑμῶν εὐεργέτην ἐπιχειρεῖτε
 τῆς
 []


Underfull \hbox (badness 1199) in paragraph at lines 15416--15644
\TU/GFSArtemisia(0)/m/n/8 μᾶλλον δὲ ἐπ’ αὐτῷ βεβηκότες, ἀντὶ πικροῦ καὶ δυσαιάκ
του
 []


Underfull \hbox (badness 2088) in paragraph at lines 15416--15644
\TU/GFSArtemisia(0)/m/n/8 καὶ τάφον ἡτοιμασμένον τόπον κλισίαις κατεμέρισαν πλή
ρεις
 []


Underfull \hbox (badness 1603) in paragraph at lines 15416--15644
\TU/GFSArtemisia(0)/m/n/8 ᾠδὴν πάτριον, τὸν σωτῆρα καὶ τερατοποιὸν αἰνοῦντες Θε
όν·
 []


Underfull \hbox (badness 1142) in paragraph at lines 15416--15644
\TU/GFSArtemisia(0)/m/n/8 εὐφροσύνης εἰρηνικῆς σημεῖον. Ὡσαύτως δὲ καὶ ὁ βασιλε
ὺς
 []


Underfull \hbox (badness 1009) in paragraph at lines 15416--15644
\TU/GFSArtemisia(0)/m/n/8 τιθέμενοι, μετὰ χαρᾶς ἀπογραψάμενοι, κατεστέναξαν, αἰ
σχύνην
 []


Underfull \hbox (badness 2310) in paragraph at lines 15416--15644
\TU/GFSArtemisia(0)/m/n/8 τε αὐτοὺς ὁ βασιλεὺς, ἔγραψεν αὐτοῖς τὴν ὑπογεγραμμέν
ην
 []


Underfull \hbox (badness 1184) in paragraph at lines 15416--15644
\TU/GFSArtemisia(0)/m/n/8 προαιρούμεθα. Τῶν φίλων τινὲς κακοηθείᾳ πυκνότερον ἡμ
ῖν
 []


Underfull \hbox (badness 3128) in paragraph at lines 15416--15644
\TU/GFSArtemisia(0)/m/n/8 Ἰουδαίους, συναθροίσαντας σύστημα, κολάσασθαι ξενιζού
σαις
 []


Underfull \hbox (badness 2486) in paragraph at lines 15416--15644
\TU/GFSArtemisia(0)/m/n/8 ἀποστατῶν τιμωρίαις, προσφερόμενοι μήποτε εὐσταθήσειν
 τὰ
 []


Underfull \hbox (badness 1931) in paragraph at lines 15416--15644
\TU/GFSArtemisia(0)/m/n/8 πράγματα ἡμῶν, δι’ ἣν ἔχουσιν οὗτοι πρὸς πάντα τὰ ἔθν
η
 []


Underfull \hbox (badness 2042) in paragraph at lines 15416--15644
\TU/GFSArtemisia(0)/m/n/8 δυσμένειαν, μέχρις ἂν συντελεσθῇ τοῦτο. Οἳ καὶ δεσμίο
υς
 []


Underfull \hbox (badness 1924) in paragraph at lines 15416--15644
\TU/GFSArtemisia(0)/m/n/8 καταβλάπτοντος, μήτε ὀνειδίζειν περὶ τῶν γεγενημένων 
παρὰ
 []


Underfull \hbox (badness 1824) in paragraph at lines 15416--15644
\TU/GFSArtemisia(0)/m/n/8 ἡμῖν ἐπ’ ἐκδικήσει τῶν πραγμάτων κατὰ πᾶν ἀφεύκτως δι
α
 []


Underfull \hbox (badness 1325) in paragraph at lines 15416--15644
\TU/GFSArtemisia(0)/m/n/8 βασιλέα προσηξίωσαν τοὺς ἐκ τοῦ γένους τῶν Ἰουδαίων τ
ὸν
 []


Underfull \hbox (badness 1735) in paragraph at lines 15416--15644
\TU/GFSArtemisia(0)/m/n/8 αὐτοὺς λέγειν παραδεξάμενος καὶ συναινέσας, ἔδωκεν αὐ
τοῖς
 []

[559] [560] [561] [562] [563] [564] [565] [566] [567]
Underfull \hbox (badness 1205) in paragraph at lines 15645--18180
\TU/GFSArtemisia(0)/m/n/8 κατατοξεύσουσιν αὐτὸν, καὶ οὐ φοβηθήσονται. Ἐκραταίωσ
αν
 []

[568] [569] [570] [571] [572] [573] [574] [575] [576] [577] [578] [579]
[580] [581] [582] [583] [584] [585] [586] [587] [588] [589] [590] [591]
[592] [593] [594] [595] [596] [597] [598] [599] [600] [601] [602] [603]
[604] [605] [606] [607] [608] [609] [610] [611] [612] [613] [614] [615]
[616] [617] [618] [619] [620] [621] [622] [623] [624] [625]
Underfull \hbox (badness 1320) in paragraph at lines 18197--19279
\TU/GFSArtemisia(0)/m/n/8 ὄνοι νομάδες πεντακόσιαι, καὶ ὑπηρεσία πολλὴ σφόδρα, 
καὶ
 []

[626] [627] [628] [629] [630] [631] [632] [633] [634] [635] [636] [637]
[638] [639] [640] [641] [642] [643] [644] [645] [646] [647] [648] [649]
[650] [651] [652] [653] [654] [655]
Underfull \hbox (badness 1377) in paragraph at lines 19466--19498
\TU/GFSArtemisia(0)/m/n/8 τε στροφὰς λόγων, νοῆσαί τε δικαιοσύνην ἀληθῆ, καὶ κρ
ίμα
 []


Underfull \hbox (badness 1024) in paragraph at lines 19499--20404
\TU/GFSArtemisia(0)/m/n/8 δίγλωσσος ἀποκαλύπτει βουλὰς ἐν συνεδρίῳ, πιστὸς δὲ π
νοῇ
 []


Underfull \hbox (badness 1490) in paragraph at lines 19499--20404
\TU/GFSArtemisia(0)/m/n/8 αἰσθήσεως. Ὀλισθήσουσι κακοὶ ἔναντι ἀγαθῶν, καὶ ἀσεβε
ῖς
 []


Underfull \hbox (badness 1087) in paragraph at lines 19499--20404
\TU/GFSArtemisia(0)/m/n/8 κακῶν ἐπερχομένων ἀπεκρύβη, ἄφρονες δὲ ἐπελθόντες ζημ
ίαν
 []


Underfull \hbox (badness 1038) in paragraph at lines 19499--20404
\TU/GFSArtemisia(0)/m/n/8 εὐλογηθήσεται, ὁ δὲ κακὸς οὐκ ἀτιμώρητος ἔσται. Ὃς οὐ
κ
 []

[656] [657] [658] [659] [660] [661] [662] [663] [664] [665] [666] [667]
[668] [669] [670] [671] [672] [673] [674]
Underfull \hbox (badness 7832) in paragraph at lines 20405--20627
\TU/GFSArtemisia(0)/m/n/8 ῬΗΜΑΤΑ Ἐκκλησιαστοῦ υἱοῦ Δαυὶδ βασιλέως Ἰσραὴλ ἐν
 []

[675] [676] [677] [678] [679] [680] [681] [682] [683] [684] [685]
Underfull \hbox (badness 1546) in paragraph at lines 20746--20762
\TU/GFSArtemisia(0)/m/n/8 ἐν σώματι κατάχρεῳ ἁμαρτίας. Ἅγιον γὰρ πνεῦμα παιδεία
ς
 []


Underfull \hbox (badness 1688) in paragraph at lines 20763--21183
\TU/GFSArtemisia(0)/m/n/8 πονηρίας καπνιζομένη καθέστηκε χέρσος, καὶ ἀτελέσιν ὥ
ραις
 []


Underfull \hbox (badness 1087) in paragraph at lines 20763--21183
\TU/GFSArtemisia(0)/m/n/8 γνῶναι τὰ καλὰ, ἀλλὰ καὶ τῆς ἀφροσύνης ἀπέλιπον τῷ βί
ῳ
 []


Underfull \hbox (badness 1052) in paragraph at lines 20763--21183
\TU/GFSArtemisia(0)/m/n/8 τὸ ἀσεβὲς ἔθος ὡς νόμος ἐφυλάχθη, καὶ τυράννων ἐπιταγ
αῖς
 []


Underfull \hbox (badness 1264) in paragraph at lines 20763--21183
\TU/GFSArtemisia(0)/m/n/8 τέλους ἔμεινεν ἡ ὀργή σου. Εἰς νουθεσίαν δὲ πρὸς ὀλίγ
ον
 []


Underfull \hbox (badness 1127) in paragraph at lines 20763--21183
\TU/GFSArtemisia(0)/m/n/8 σου, καὶ πρὸς ἀνατολὴν φωτὸς ἐντυγχάνειν σοι. Ἀχαρίστ
ου
 []


Underfull \hbox (badness 3219) in paragraph at lines 20763--21183
\TU/GFSArtemisia(0)/m/n/8 εὐλάβειαν ἐνόσουν. Καὶ γὰρ εἰ μηδὲν αὐτοὺς ταραχῶδες
 []

[686] [687] [688] [689] [690] [691] [692] [693] [694] [695] [696] [697]
Underfull \hbox (badness 1152) in paragraph at lines 21184--21219
\TU/GFSArtemisia(0)/m/n/8 Παρακέκλησθε οὖν μετ’ εὐνοίας καὶ προσοχῆς τὴν ἀνάγνω
σιν
 []


Underfull \hbox (badness 1297) in paragraph at lines 21184--21219
\TU/GFSArtemisia(0)/m/n/8 φιλοπονίαν τοῦ μεθερμηνεῦσαι τήνδε τὴν βίβλον· πολλὴν
 γὰρ
 []

[698]
Underfull \hbox (badness 1028) in paragraph at lines 21220--22555
\TU/GFSArtemisia(0)/m/n/8 ὑπεδείχθη σοι. Πολλοὺς γὰρ ἐπλάνησεν ἡ ὑπόληψις αὐτῶν
,
 []


Underfull \hbox (badness 1168) in paragraph at lines 21220--22555
\TU/GFSArtemisia(0)/m/n/8 τῶν ζητούντων αὐτήν· ὁ ἀγαπῶν αὐτὴν ἀγαπᾷ ζωὴν, καὶ ο
ἱ
 []


Underfull \hbox (badness 1735) in paragraph at lines 21220--22555
\TU/GFSArtemisia(0)/m/n/8 Τίς εἰρήνη ὑαίνῃ πρὸς κύνα; καὶ τίς εἰρήνη πλουσίῳ πρ
ὸς
 []


Underfull \hbox (badness 1005) in paragraph at lines 21220--22555
\TU/GFSArtemisia(0)/m/n/8 δωρεὰν εὐλαβήθησαν. Πλὴν ἐπὶ ταπεινῷ μακροθύμησον, κα
ὶ
 []


Underfull \hbox (badness 1038) in paragraph at lines 21220--22555
\TU/GFSArtemisia(0)/m/n/8 ἢ κόπους; Εἷς εὐχόμενος, καὶ εἷς καταρώμενος, τίνος φ
ωνῆς
 []


Underfull \hbox (badness 1342) in paragraph at lines 21220--22555
\TU/GFSArtemisia(0)/m/n/8 ἀδιατρέπτῳ στερέωσον φυλακὴν, μήποτε ποιήσῃ σε ἐπίχαρ
μα
 []


Underfull \hbox (badness 1292) in paragraph at lines 21220--22555
\TU/GFSArtemisia(0)/m/n/8 καὶ συνετελέσθησαν ἐν θυμῷ ὀργῆς· ἐποίησεν αὐτοῖς τέρ
ατα,
 []

[699] [700] [701] [702] [703] [704] [705] [706] [707] [708] [709] [710]
[711] [712] [713] [714] [715] [716] [717] [718] [719] [720] [721] [722]
[723] [724] [725] [726] [727] [728] [729] [730]
Underfull \hbox (badness 1137) in paragraph at lines 22556--22753
\TU/GFSArtemisia(0)/m/n/8 τρυγήσατε εἰς καρπὸν ζωῆς, φωτίσατε ἑαυτοῖς φῶς γνώσε
ως,
 []

[731] [732] [733] [734] [735] [736] [737] [738] [739] [740] [741] [742]
[743] [744] [745] [746] [747] [748] [749] [750] [751]
Underfull \hbox (badness 1052) in paragraph at lines 23152--23199
\TU/GFSArtemisia(0)/m/n/8 ἀθῶον οὐκ ἀθωώσει Κύριος· ἐν συντελείᾳ, καὶ ἐν συσσει
σμῷ
 []

[752] [753] [754] [755] [756] [757] [758] [759] [760]
Underfull \hbox (badness 1688) in paragraph at lines 23375--23586
\TU/GFSArtemisia(0)/m/n/8 τοῦ λαοῦ τούτου ἐν ταῖς ἡμέραις ἐκείναις, μὴ καὶ ἐνώπ
ιόν
 []

[761] [762] [763] [764] [765] [766] [767] [768] [769]
Underfull \hbox (badness 1057) in paragraph at lines 23619--24908
\TU/GFSArtemisia(0)/m/n/8 ἂν ὁμοίωθημεν. Ἀκούσατε λόγον Κυρίου, ἄρχοντες Σοδόμω
ν·
 []


Underfull \hbox (badness 1057) in paragraph at lines 23619--24908
\TU/GFSArtemisia(0)/m/n/8 ἐν τῇ γῇ, καὶ καταλειφθήσονται ἄνθρωποι ὀλίγοι. Πενθή
σει
 []


Underfull \hbox (badness 2126) in paragraph at lines 23619--24908
\TU/GFSArtemisia(0)/m/n/8 τοῖς πενθοῦσι, κατὰ στολὴν δόξης ἀντὶ πνεύματος ἀκηδί
ας·
 []


Underfull \hbox (badness 1590) in paragraph at lines 23619--24908
\TU/GFSArtemisia(0)/m/n/8 Καὶ οἰκοδομήσουσιν ἐρήμους αἰωνίας, ἐξηρημωμένας πρότ
ερον
 []

[770] [771] [772] [773] [774] [775] [776] [777] [778] [779] [780] [781]
[782] [783] [784] [785] [786] [787] [788] [789] [790] [791] [792] [793]
[794] [795] [796] [797] [798] [799] [800] [801] [802] [803] [804] [805]
[806] [807] [808] [809] [810] [811] [812] [813] [814]
Underfull \hbox (badness 1297) in paragraph at lines 24909--26208
\TU/GFSArtemisia(0)/m/n/8 διαφθείροντα. Καὶ ἐξαποστελῶ εἰς Βαβυλῶνα ὑβριστὰς, κ
αὶ
 []


Underfull \hbox (badness 1024) in paragraph at lines 24909--26208
\TU/GFSArtemisia(0)/m/n/8 Πῶς οὐχὶ ἐγκατέλιπε πόλιν ἐμὴν, κώμην ἠγάπησαν; Διατο
ῦτο
 []


Underfull \hbox (badness 1205) in paragraph at lines 24909--26208
\TU/GFSArtemisia(0)/m/n/8 ἕκαστον τοῦ πλησίον αὐτοῦ· καὶ συνετέλεσαν διαθήκην κ
ατὰ
 []

[815] [816] [817] [818] [819] [820] [821] [822] [823] [824] [825] [826]
[827] [828] [829] [830] [831] [832] [833] [834] [835] [836] [837] [838]
[839] [840] [841] [842] [843] [844] [845] [846] [847] [848] [849] [850]
[851] [852] [853] [854] [855] [856] [857] [858] [859] [860] [861] [862]
[863] [864] [865] [866] [867]
Underfull \hbox (badness 1062) in paragraph at lines 26373--26504
\TU/GFSArtemisia(0)/m/n/8 ἐπὶ τὰ ὀστέα αὐτῶν, ἐξηράνθησαν, ἐγενήθησαν ὥσπερ ξύλ
ον.
 []


Underfull \hbox (badness 1205) in paragraph at lines 26373--26504
\TU/GFSArtemisia(0)/m/n/8 ὅτι ἀνήφθησαν, καί γε ἐσαλεύθησαν· εἴπατε ἐν τοῖς ἔθν
εσιν,
 []

[868] [869] [870]
Underfull \hbox (badness 3049) in paragraph at lines 26505--26578
\TU/GFSArtemisia(0)/m/n/8 ΑΝΤΙΓΡΑΦΟΝ ἐπιστολῆς ἧς ἀπέστειλεν Ἱερεμίας πρὸς τοὺς

 []

[871] [872]
Underfull \hbox (badness 1142) in paragraph at lines 26579--27659
\TU/GFSArtemisia(0)/m/n/8 τῶν ἐπελθόντων πρὸς τῇ θαλάσσῃ καὶ περιοικοδομήσουσι 
τὸ
 []

[873] [874] [875] [876] [877] [878] [879] [880] [881] [882] [883] [884]
[885] [886] [887] [888] [889] [890] [891] [892] [893] [894] [895] [896]
[897] [898] [899] [900] [901] [902] [903] [904] [905] [906] [907] [908]
[909] [910] [911] [912] [913]
Underfull \hbox (badness 1173) in paragraph at lines 27703--28104
\TU/GFSArtemisia(0)/m/n/8 ἰσχὺν τῆς γῆς αὐτοῦ, καὶ ἀσθενήσει, καὶ πεσεῖται, καὶ
 οὐκ
 []

[914] [915] [916] [917] [918] [919] [920] [921] [922] [923] [924] [925]
[926] [927] [928] [929] [930] [931]) (./NewTestament.tex [932] [933] [934]
[935] [936] [937] [938] [939] [940] [941] [942] [943] [944] [945] [946]
[947] [948] [949] [950] [951] [952] [953] [954] [955] [956]
Underfull \hbox (badness 1082) in paragraph at lines 869--1542
\TU/GFSArtemisia(0)/m/n/8 Ἠσαΐᾳ τῷ προφήτῃ]· [Ἰδοὺ ἀποστέλλω τὸν ἄγγελόν μου πρ
ὸ
 []


Underfull \hbox (badness 1248) in paragraph at lines 869--1542
\TU/GFSArtemisia(0)/m/n/8 τὸν λόγον τοῦ θεοῦ τῇ παραδόσει ὑμῶν ᾗ παρεδώκατε· κα
ὶ
 []


Underfull \hbox (badness 1009) in paragraph at lines 869--1542
\TU/GFSArtemisia(0)/m/n/8 Κυρηναῖον ἐρχόμενον ἀπ᾽ ἀγροῦ, τὸν πατέρα Ἀλεξάνδρου 
καὶ
 []

[957] [958] [959] [960] [961] [962] [963] [964] [965] [966] [967] [968]
[969] [970] [971] [972] [973] [974] [975]
Underfull \hbox (badness 1609) in paragraph at lines 1569--2612
\TU/GFSArtemisia(0)/m/n/8 εἰς Ἱεροσόλυμα λέγοντες· Ποῦ ἐστιν ὁ τεχθεὶς βασιλεὺς
 τῶν
 []

[976] [977] [978] [979] [980] [981] [982] [983] [984] [985] [986] [987]
[988] [989] [990] [991] [992] [993] [994] [995] [996] [997] [998] [999]
[1000] [1001] [1002] [1003] [1004] [1005]
Underfull \hbox (badness 1571) in paragraph at lines 2613--3762
\TU/GFSArtemisia(0)/m/n/8 καὶ μαστίγων καὶ πνευμάτων πονηρῶν, καὶ τυφλοῖς πολλο
ῖς
 []


Underfull \hbox (badness 1033) in paragraph at lines 2613--3762
\TU/GFSArtemisia(0)/m/n/8 εἴπατε τῇ ἀλώπεκι ταύτῃ· Ἰδοὺ ἐκβάλλω δαιμόνια καὶ ἰά
σεις
 []

[1006] [1007] [1008] [1009] [1010] [1011] [1012] [1013] [1014] [1015] [1016]
[1017] [1018] [1019] [1020] [1021] [1022] [1023] [1024] [1025] [1026] [1027]
[1028] [1029] [1030] [1031] [1032] [1033] [1034] [1035] [1036]
Underfull \hbox (badness 1087) in paragraph at lines 3763--4765
\TU/GFSArtemisia(0)/m/n/8 αὐτοῖς ἀπὸ Ἱεροσολύμων μὴ χωρίζεσθαι, ἀλλὰ περιμένειν
 τὴν
 []


Underfull \hbox (badness 1009) in paragraph at lines 3763--4765
\TU/GFSArtemisia(0)/m/n/8 ἄνδρες ἀδελφοί; Πέτρος δὲ [πρὸς αὐτούς· Μετανοήσατε],
 καὶ
 []


Underfull \hbox (badness 1558) in paragraph at lines 3763--4765
\TU/GFSArtemisia(0)/m/n/8 ἐπείσθησαν δὲ αὐτῷ, καὶ προσκαλεσάμενοι τοὺς ἀποστόλο
υς
 []


Underfull \hbox (badness 1297) in paragraph at lines 3763--4765
\TU/GFSArtemisia(0)/m/n/8 πᾶσάν τε ἡμέραν ἐν τῷ ἱερῷ καὶ κατ᾽ οἶκον οὐκ ἐπαύοντ
ο
 []


Underfull \hbox (badness 1062) in paragraph at lines 3763--4765
\TU/GFSArtemisia(0)/m/n/8 ἀποστόλων καὶ τῶν πρεσβυτέρων, ἀνήγγειλάν τε ὅσα ὁ θε
ὸς
 []


Underfull \hbox (badness 1024) in paragraph at lines 3763--4765
\TU/GFSArtemisia(0)/m/n/8 μετὰ δὲ τὸ σιγῆσαι αὐτοὺς ἀπεκρίθη Ἰάκωβος λέγων· Ἄνδ
ρες
 []


Underfull \hbox (badness 1019) in paragraph at lines 3763--4765
\TU/GFSArtemisia(0)/m/n/8 [καὶ τὸν Ἰωάννην τὸν καλούμενον Μᾶρκον· Παῦλος δὲ ἠξί
ου,
 []


Underfull \hbox (badness 1005) in paragraph at lines 3763--4765
\TU/GFSArtemisia(0)/m/n/8 ᾧ εἰρήκει ὅτι οὐκέτι μέλλουσιν τὸ πρόσωπον αὐτοῦ θεωρ
εῖν.
 []


Underfull \hbox (badness 1127) in paragraph at lines 3763--4765
\TU/GFSArtemisia(0)/m/n/8 ἀναγνοὺς [δὲ καὶ ἐπερωτήσας ἐκ ποίας [ἐπαρχείας ἐστὶν
 καὶ
 []


Underfull \hbox (badness 1122) in paragraph at lines 3763--4765
\TU/GFSArtemisia(0)/m/n/8 πρὸς οὓς ἀπεκρίθην ὅτι οὐκ ἔστιν ἔθος Ῥωμαίοις χαρίζε
σθαί
 []


Underfull \hbox (badness 1132) in paragraph at lines 3763--4765
\TU/GFSArtemisia(0)/m/n/8 ὃ καὶ ἐποίησα ἐν Ἱεροσολύμοις, καὶ πολλούς [τε τῶν ἁγ
ίων
 []

[1037] [1038] [1039] [1040] [1041] [1042] [1043] [1044] [1045] [1046] [1047]
[1048] [1049] [1050] [1051] [1052] [1053] [1054] [1055] [1056] [1057] [1058]
[1059] [1060] [1061] [1062] [1063] [1064] [1065] [1066] [1067] [1068] [1069]
[1070] [1071] [1072] [1073] [1074] [1075] [1076] [1077] [1078] [1079]
Underfull \hbox (badness 1062) in paragraph at lines 5197--5634
\TU/GFSArtemisia(0)/m/n/8 [δυσφημούμενοι παρακαλοῦμεν· ὡς περικαθάρματα τοῦ κόσ
μου
 []


Underfull \hbox (badness 1331) in paragraph at lines 5197--5634
\TU/GFSArtemisia(0)/m/n/8 ἀφθαρσίαν καὶ τὸ] θνητὸν τοῦτο ἐνδύσηται [ἀθανασίαν, 
τότε
 []

[1080] [1081] [1082] [1083] [1084] [1085] [1086] [1087] [1088] [1089] [1090]
Underfull \hbox (badness 1424) in paragraph at lines 5635--5891
\TU/GFSArtemisia(0)/m/n/8 Παῦλος ἀπόστολος [Χριστοῦ Ἰησοῦ] διὰ θελήματος θεοῦ κ
αὶ
 []

[1091] [1092] [1093] [1094] [1095] [1096] [1097] [1098] [1099] [1100] [1101]
[1102] [1103] [1104] [1105] [1106] [1107] [1108]
Underfull \hbox (badness 1424) in paragraph at lines 6303--6398
\TU/GFSArtemisia(0)/m/n/8 Παῦλος ἀπόστολος [Χριστοῦ Ἰησοῦ] διὰ θελήματος θεοῦ κ
αὶ
 []


Underfull \hbox (badness 1997) in paragraph at lines 6303--6398
\TU/GFSArtemisia(0)/m/n/8 ἐν Χριστῷ· χάρις ὑμῖν καὶ εἰρήνη ἀπὸ θεοῦ πατρὸς [ἡμῶ
ν.
 []

[1109] [1110] [1111]
Underfull \hbox (badness 3396) in paragraph at lines 6399--6488
\TU/GFSArtemisia(0)/m/n/8 Εὐχαριστοῦμεν τῷ θεῷ πάντοτε περὶ πάντων ὑμῶν [μνείαν

 []

[1112] [1113] [1114]
Underfull \hbox (badness 1092) in paragraph at lines 6537--6650
\TU/GFSArtemisia(0)/m/n/8 Ἰησοῦ τοῦ κυρίου ἡμῶν. Καθὼς παρεκάλεσά σε προσμεῖναι

 []


Underfull \hbox (badness 2158) in paragraph at lines 6537--6650
\TU/GFSArtemisia(0)/m/n/8 μὴ ἑτεροδιδασκαλεῖν μηδὲ προσέχειν μύθοις καὶ γενεαλο
γίαις
 []


Underfull \hbox (badness 1337) in paragraph at lines 6537--6650
\TU/GFSArtemisia(0)/m/n/8 οὖν πρῶτον πάντων ποιεῖσθαι δεήσεις, προσευχάς, ἐντεύ
ξεις,
 []


Underfull \hbox (badness 1694) in paragraph at lines 6537--6650
\TU/GFSArtemisia(0)/m/n/8 μὴ [πλήκτην, ἀλλὰ ἐπιεικῆ, ἄμαχον, ἀφιλάργυρον, τοῦ ἰ
δίου
 []


Underfull \hbox (badness 1205) in paragraph at lines 6537--6650
\TU/GFSArtemisia(0)/m/n/8 ἐφανερώθη ἐν σαρκί, ἐδικαιώθη ἐν πνεύματι, ὤφθη ἀγγέλ
οις,
 []


Underfull \hbox (badness 1092) in paragraph at lines 6537--6650
\TU/GFSArtemisia(0)/m/n/8 βλαβεράς, αἵτινες βυθίζουσι τοὺς ἀνθρώπους εἰς ὄλεθρο
ν καὶ
 []

[1115] [1116] [1117]
Underfull \hbox (badness 1072) in paragraph at lines 6651--6734
\TU/GFSArtemisia(0)/m/n/8 Παῦλος ἀπόστολος [Χριστοῦ Ἰησοῦ] διὰ θελήματος θεοῦ κ
ατ᾽
 []


Underfull \hbox (badness 1354) in paragraph at lines 6651--6734
\TU/GFSArtemisia(0)/m/n/8 Ὑμέναιος καὶ Φίλητος, οἵτινες περὶ τὴν ἀλήθειαν ἠστόχ
ησαν,
 []

[1118] [1119] [1120] [1121]
Underfull \hbox (badness 1642) in paragraph at lines 6808--7111
\TU/GFSArtemisia(0)/m/n/8 λαμβάνειν εἰς κληρονομίαν, καὶ ἐξῆλθεν μὴ ἐπιστάμενος
 ποῦ
 []


Underfull \hbox (badness 1694) in paragraph at lines 6808--7111
\TU/GFSArtemisia(0)/m/n/8 μενέτω. τῆς φιλοξενίας μὴ ἐπιλανθάνεσθε, διὰ ταύτης γ
ὰρ
 []

[1122] [1123] [1124] [1125] [1126] [1127] [1128] [1129] [1130] [1131] [1132]
[1133]
Underfull \hbox (badness 7576) in paragraph at lines 7221--7326
\TU/GFSArtemisia(0)/m/n/8 Πέτρος ἀπόστολος Ἰησοῦ Χριστοῦ ἐκλεκτοῖς παρεπιδήμοις

 []


Underfull \hbox (badness 1048) in paragraph at lines 7221--7326
\TU/GFSArtemisia(0)/m/n/8 καὶ ῥαντισμὸν αἵματος Ἰησοῦ Χριστοῦ· χάρις ὑμῖν καὶ ε
ἰρήνη
 []


Underfull \hbox (badness 1661) in paragraph at lines 7221--7326
\TU/GFSArtemisia(0)/m/n/8 ὑμῶν ἐπιθυμίαις, ἀλλὰ κατὰ τὸν καλέσαντα ὑμᾶς ἅγιον κ
αὶ
 []


Underfull \hbox (badness 1062) in paragraph at lines 7221--7326
\TU/GFSArtemisia(0)/m/n/8 ἀπειθοῦντες· εἰς ὃ καὶ ἐτέθησαν. Ὑμεῖς δὲ γένος ἐκλεκ
τόν,
 []

[1134] [1135] [1136]
Underfull \hbox (badness 1642) in paragraph at lines 7327--7388
\TU/GFSArtemisia(0)/m/n/8 ἀπωλείας, καὶ τὸν ἀγοράσαντα αὐτοὺς δεσπότην ἀρνούμεν
οι,
 []

[1137] [1138] [1139] [1140] [1141] [1142]
Underfull \hbox (badness 1603) in paragraph at lines 7525--7550
\TU/GFSArtemisia(0)/m/n/8 ἐκ γῆς Αἰγύπτου σώσας τὸ δεύτερον τοὺς μὴ πιστεύσαντα
ς
 []

[1143]) (./Extra.tex
Underfull \hbox (badness 1127) in paragraph at lines 7551--1
\TU/GFSArtemisia(0)/m/n/8 τὸν λόγον τοῦ θεοῦ καὶ τὴν μαρτυρίαν Ἰησοῦ Χριστοῦ, ὅ
σα
 []

[1144] [1145] [1146] [1147] [1148] [1149] [1150] [1151] [1152] [1153] [1154]
[1155] [1156] [1157] [1158] [1159] [1160] [1161] [1162] [1163] [1164]
Underfull \hbox (badness 1092) in paragraph at lines 212--695
\TU/GFSArtemisia(0)/m/n/8 μετὰ καθωπλισμένης τῆς στρατιᾶς τοῦ Ἀπολλωνίου πρὸς τ
ὴν
 []


Underfull \hbox (badness 2717) in paragraph at lines 212--695
\TU/GFSArtemisia(0)/m/n/8 γέ τοι μετὰ τῶν συνέδρων ὁ τύραννος Ἀντίοχος ἐπί τινο
ς
 []


Underfull \hbox (badness 1038) in paragraph at lines 212--695
\TU/GFSArtemisia(0)/m/n/8 δύναμις, συγνωμονήσειν σοι ἐπὶ πᾶσιν δι’ ἀνάγκην παρα
νομίᾳ
 []


Underfull \hbox (badness 1005) in paragraph at lines 212--695
\TU/GFSArtemisia(0)/m/n/8 πελάγει, καὶ καταικιζόμενος ταῖς τοῦ τυράννου ἀπειλαῖ
ς, καὶ
 []


Underfull \hbox (badness 1558) in paragraph at lines 212--695
\TU/GFSArtemisia(0)/m/n/8 ἰδίῳ αἵματι, καὶ γενναίῳ ἱδρῶτι τοῖς μέχρι θανάτου πά
θεσιν
 []


Underfull \hbox (badness 1226) in paragraph at lines 212--695
\TU/GFSArtemisia(0)/m/n/8 Ὦ βασάνων βιότερε γέρων, πυρὸς εὐτονώτερε πρεσβύτα, κ
αὶ
 []


Underfull \hbox (badness 1024) in paragraph at lines 212--695
\TU/GFSArtemisia(0)/m/n/8 καὶ γενναῖοι καὶ ἐν παντὶ χαριέντες. Οὓς ἰδὼν ὁ τύραν
νος
 []


Underfull \hbox (badness 1033) in paragraph at lines 212--695
\TU/GFSArtemisia(0)/m/n/8 συνείξαντας τῆς ἐμῆς ἀπολαῦσαι φιλίας· δυναίμην γὰρ ὥ
σπερ
 []


Underfull \hbox (badness 1122) in paragraph at lines 212--695
\TU/GFSArtemisia(0)/m/n/8 κατοικτειρήσωμεν τὸ τῆς μητρὸς γῆρας· καὶ ἐνθυμηθῶμεν
, ὅτι
 []


Underfull \hbox (badness 1092) in paragraph at lines 212--695
\TU/GFSArtemisia(0)/m/n/8 Ἀλλὰ τούτων οὐδὲν εἶπον οἱ νεανίαι βασανίζεσθαι μέλλο
ντες,
 []


Underfull \hbox (badness 1852) in paragraph at lines 212--695
\TU/GFSArtemisia(0)/m/n/8 γαληνὸν παρὲχουσιν τοῖς εἰσπλέουσιν τὸν ὅρμον. Οὕτος 
ἡ
 []


Underfull \hbox (badness 1342) in paragraph at lines 212--695
\TU/GFSArtemisia(0)/m/n/8 ἀγνοεῖτε δὲ τὰ τῆς ἀνθρωπότητος φίλτρα, ἅπερ ἡ θεία κ
αὶ
 []


Underfull \hbox (badness 1147) in paragraph at lines 212--695
\TU/GFSArtemisia(0)/m/n/8 Ὅπου γε καὶ τὰ ἄλογα ζῶα ὁμοίαν τὴν πρὸς τὰ ἐξ αὐτῶν
 []


Underfull \hbox (badness 1215) in paragraph at lines 212--695
\TU/GFSArtemisia(0)/m/n/8 Οὐδὲ τοὺς ὀφθαλμοὺς ἑνὸς ἑκάστου θεωροῦσα ταυρηδὸν ἐπ
ὶ
 []


Underfull \hbox (badness 1371) in paragraph at lines 212--695
\TU/GFSArtemisia(0)/m/n/8 ἡ νομοφύλαξ, πανταχόθεν ἐν τῷ τῶν παθῶν περιαντλουμέν
η
 []


Underfull \hbox (badness 1024) in paragraph at lines 212--695
\TU/GFSArtemisia(0)/m/n/8 ἴσχυσεν ἀναγκάσαι τοὺς Ἱεροσολυμίτας ἀλλοφυλῆσαι, καὶ
 τῶν
 []

[1165] [1166] [1167] [1168] [1169] [1170] [1171] [1172] [1173] [1174] [1175]
[1176] [1177] [1178]
Underfull \hbox (badness 1490) in paragraph at lines 696--761
\TU/GFSArtemisia(0)/m/n/8 τῷ παντοκρατορικῷ βουλήματι αὐτοῦ. Διὸ ὐπακούσωμεν τῇ

 []


Underfull \hbox (badness 1184) in paragraph at lines 696--761
\TU/GFSArtemisia(0)/m/n/8 ἡμᾶς τοῦ καλῶς ἔχοντος. χρηστευσώμεθα ἑαυτοῖς κατὰ τὴ
ν
 []


Underfull \hbox (badness 1163) in paragraph at lines 696--761
\TU/GFSArtemisia(0)/m/n/8 αἱ φωναὶ αὐτῶν. Πάντων οὖν βλεπομένων καὶ ἀκουομένων,

 []


Underfull \hbox (badness 1043) in paragraph at lines 696--761
\TU/GFSArtemisia(0)/m/n/8 οἷς ἡ χάρις ἀπὸ τοῦ θεοῦ δέδοται· ἐδυσώμεθα τὴν ὁμόνο
ιαν
 []


Underfull \hbox (badness 1292) in paragraph at lines 696--761
\TU/GFSArtemisia(0)/m/n/8 μακάριοι· τοῖς γὰρ νομίμοις τοῦ δεσπότου ἀκολουθοῦντε
ς οὐ
 []


Underfull \hbox (badness 1221) in paragraph at lines 696--761
\TU/GFSArtemisia(0)/m/n/8 μωμοσκοπηθὲν τὸ προσφερόνενον διὰ τοῦ ἀρχιερέως καὶ τ
ῶν
 []


Underfull \hbox (badness 1147) in paragraph at lines 696--761
\TU/GFSArtemisia(0)/m/n/8 πάντα τὸν Ἰσραήλ, τὰς ἑξακοσίας χιλιάδας τῶν ἀνδρῶν, 
καὶ
 []


Underfull \hbox (badness 1231) in paragraph at lines 696--761
\TU/GFSArtemisia(0)/m/n/8 ὑφ’ ἑτέρων ἐλλογίμων ἀνδρῶν συνευδοκησάσης τῆς ἐκκλησ
ίας
 []


Underfull \hbox (badness 1546) in paragraph at lines 696--761
\TU/GFSArtemisia(0)/m/n/8 αὐτῆς. ταῦτα οἱ πολιτευόμενοι τὴν ἀμεταμέλητον πολιτε
ίαν
 []


Underfull \hbox (badness 1466) in paragraph at lines 696--761
\TU/GFSArtemisia(0)/m/n/8 καὶ θεὸν πάσης σαρκός· τὸν ἐπιβλέποντα ἐν τοῖς ἀβύσσο
ις,
 []

[1179] [1180] [1181] [1182] [1183] [1184] [1185] [1186] [1187] [1188] [1189]
[1190] [1191] [1192] [1193] [1194] [1195]
Missing character: There is no ̅ (U+0305) in font GFS Artemisia Regular/OT:scri
pt=latn;language=dflt;mapping=tex-text;!
[1196] [1197] [1198] [1199]
Underfull \hbox (badness 1028) in paragraph at lines 781--786
\TU/GFSArtemisia(0)/m/n/8 τὰ ἁμαρτήματά σου καὶ ὅου τοῦ οἴκου σου καὶ πάτων τῶν

 []

[1200] [1201] [1202] [1203] [1204] [1205] [1206] [1207]
Underfull \hbox (badness 2970) in paragraph at lines 808--812
[]\TU/GFSArtemisia(0)/m/n/8 Ὅρασις δ’ Ἣν εἶδον, ἀδελφοί, μετὰ ἡμέρας εἴκοσι τῆς

 []

[1208] [1209]
Underfull \hbox (badness 1484) in paragraph at lines 816--818
[]\TU/GFSArtemisia(0)/m/n/8 Ἐντολὴ α’. Πρῶτον πάντων πίστευσον, ὅτι εἷς ἐστὶν ὁ

 []

[1210]
Underfull \hbox (badness 1102) in paragraph at lines 825--830
\TU/GFSArtemisia(0)/m/n/8 ἔχει· ἐὰν δὲ ὑπὸ χεῖρα ἁμαρτάνῃ καὶ μετανοήσῃ, ἀσύμφο
ρόν
 []

[1211]
Underfull \hbox (badness 1910) in paragraph at lines 831--834
[]\TU/GFSArtemisia(0)/m/n/8 Ἐντολὴ ε’. Μακρόθυμος, φησί, γίνου καὶ συνετός, καὶ

 []


Underfull \hbox (badness 1067) in paragraph at lines 831--834
\TU/GFSArtemisia(0)/m/n/8 δικαιοσύνηνἐὰν γὰρ μακρόθυμος ἔσῃ, τὸ πνεῦμα τὸ ἅγιον
 τὸ
 []

[1212] [1213] [1214]
Underfull \hbox (badness 1033) in paragraph at lines 842--844
\TU/GFSArtemisia(0)/m/n/8 ἐγκρατεύεσθαι, ἐπὶ τίνον δὲ οὐ δεῖἌκουε, φησί, τὸ πον
ηρὸν
 []


Underfull \hbox (badness 2503) in paragraph at lines 842--844
\TU/GFSArtemisia(0)/m/n/8 μεγάλην ἐργάζῃ· ἐὰν δὲ ἐγκρατεύσῃ τὸ πονηρὸν μὴ ποιεῖ
ν,
 []


Underfull \hbox (badness 1194) in paragraph at lines 842--844
\TU/GFSArtemisia(0)/m/n/8 ἵνα ἐργασάμενος αὐτὰ δυνηθῶ σωθῆναιἌκουε, φησί, καὶ τ
ῶν
 []


Underfull \hbox (badness 1558) in paragraph at lines 842--844
\TU/GFSArtemisia(0)/m/n/8 μακρόθυμον εἶναι, μνησικακιαν μὴ ἔχειν, κάμνοντας τῇ 
ψυχῇ
 []


Underfull \hbox (badness 1348) in paragraph at lines 842--844
\TU/GFSArtemisia(0)/m/n/8 σοι, φησί, ταῦτα ἀγαθὰ εἶναι; Τί γάρ, φημί, κύριε, το
ύτων
 []

[1215]
Underfull \hbox (badness 1117) in paragraph at lines 848--852
\TU/GFSArtemisia(0)/m/n/8 ἀδελφή ἐστι τούτων; ἄλλο γάρ μοι δοκεῖ εἶναι ὀξυχολία
 καὶ
 []

[1216]
Underfull \hbox (badness 1168) in paragraph at lines 853--855
\TU/GFSArtemisia(0)/m/n/8 Βλέπεις τοὺς ἐπὶ τοῦ συμψελλίου καθημένους; Βλέπω, φη
μί,
 []

[1217]
Underfull \hbox (badness 1342) in paragraph at lines 856--863
\TU/GFSArtemisia(0)/m/n/8 πονηράν, ἔνδυσαι δὲ τὴν ἐπιθυμίαν τὴν ἀγαθὴν καὶ σεμν
ήν·
 []


Underfull \hbox (badness 1158) in paragraph at lines 856--863
\TU/GFSArtemisia(0)/m/n/8 ἐνδεδυμένος γὰρ τὴν ἐπὶθυμίαν ταύτην μισήσεις τὴν πον
ηρὰν
 []


Underfull \hbox (badness 1803) in paragraph at lines 856--863
\TU/GFSArtemisia(0)/m/n/8 οὖν δεῖ ἀπὸ τῶν ἐπιθυμιῶν τῶν πονηρῶν, ἵνα ἀποσχόμενο
ι
 []


Underfull \hbox (badness 1348) in paragraph at lines 856--863
\TU/GFSArtemisia(0)/m/n/8 αὐτῃ, δυνήσῃ τῆς ἐπιθυμίας τῆς πονηρᾶς κατακυριεῦσαι 
καὶ
 []

[1218] [1219] [1220]
Underfull \hbox (badness 4429) in paragraph at lines 867--871
[]\TU/GFSArtemisia(0)/m/n/8 Ἄλλη παραβολή Περιπατοῦντός μου εἰς τὸν ἀγρὸν καὶ
 []


Underfull \hbox (badness 1448) in paragraph at lines 867--871
\TU/GFSArtemisia(0)/m/n/8 ὑπὸ τοῦ θεοῦ, ἀλλ’ ἔσται γεγραμμένος εἰς τὰς βίβλους 
τῶν
 []

[1221]
Underfull \hbox (badness 1048) in paragraph at lines 875--883
\TU/GFSArtemisia(0)/m/n/8 ἀμπελῶν· καὶ ἐκλεξάμενος δοῦλόν τινα πιστὸν καὶ εὐάρε
στον
 []

[1222] [1223] [1224]
Underfull \hbox (badness 1264) in paragraph at lines 884--890
\TU/GFSArtemisia(0)/m/n/8 φησίν· ἃ εἶδες πρόβατα ἱλαρὰ καὶ σκιρτῶνα, οὗτοί εἰσι
ν οἱ
 []


Underfull \hbox (badness 1087) in paragraph at lines 884--890
\TU/GFSArtemisia(0)/m/n/8 οἱ τρυφῶντες καὶ ἀπατώμενοι, ὅσον τρυφῶσι καὶ ἀπατῶντ
αι;
 []

[1225] [1226]
Underfull \hbox (badness 1337) in paragraph at lines 891--893
\TU/GFSArtemisia(0)/m/n/8 τὰ περὶ σοῦ· θέλει γάρ σε πειρασθῆναιΤί γάρ, φημί, κύ
ριε,
 []


Underfull \hbox (badness 1406) in paragraph at lines 891--893
\TU/GFSArtemisia(0)/m/n/8 θλιβῆναι, ἵνα κἀκεῖνοι μετανοήσωσι καὶ καθαρίσωσιν ἑα
υτοὺς
 []


Underfull \hbox (badness 1205) in paragraph at lines 891--893
\TU/GFSArtemisia(0)/m/n/8 καὶ καθαρισθῶσι, τότε ἀποστήσεται ἀπὸ σοῦ ὁ ἄγγελος τ
ῆς
 []

[1227]
Underfull \hbox (badness 1189) in paragraph at lines 894--906
\TU/GFSArtemisia(0)/m/n/8 καὶ ὁ ποιμὴν λίαν ἱλαρὸς ἦν ἐπὶ τούτοις. Ἐκέλευσε δὲ 
ὁ
 []


Underfull \hbox (badness 1067) in paragraph at lines 894--906
\TU/GFSArtemisia(0)/m/n/8 ἵνα ἀκούσαντες οἱ πιστεύσαντες καὶ εἰληφότες τὴν σφρα
γῖδα
 []


Underfull \hbox (badness 1292) in paragraph at lines 894--906
\TU/GFSArtemisia(0)/m/n/8 αὐτῶν εἰς τέλος ἀπέστησανοὗτοι οὖν μετάνοιαν οὐκ ἔχου
σιν·
 []

[1228] [1229] [1230] [1231]
Underfull \hbox (badness 1087) in paragraph at lines 907--946
\TU/GFSArtemisia(0)/m/n/8 τὰ δένδρα ἐκεῖνα κατάκαρπα ἦν, ἄλλοις καὶ ἄλλοις καρπ
οῖς
 []


Underfull \hbox (badness 1442) in paragraph at lines 907--946
\TU/GFSArtemisia(0)/m/n/8 δὲ οἱ ἓξ ἄδρες τοὺς λίθους τοὺς ἀπρεπεῖς ἐν τῇ οἰκοδο
μῇ
 []


Underfull \hbox (badness 1158) in paragraph at lines 907--946
\TU/GFSArtemisia(0)/m/n/8 ἐκέλευσεν αὐτοὺς ὁ ποιμὴν ἐκ τοῦ πύργου μετενεχθῆναι 
καὶ
 []

[1232] [1233] [1234] [1235] [1236] [1237] [1238] [1239] [1240] [1241] [1242]
[1243] [1244] [1245]
Underfull \hbox (badness 1072) in paragraph at lines 947--971
\TU/GFSArtemisia(0)/m/n/8 οὖν οὐσῶν πονηρῶν καὶ αὐτοῦ τοῦ ἐνεργοῦντος ἔχοντος τ
ὴν
 []


Underfull \hbox (badness 1137) in paragraph at lines 947--971
\TU/GFSArtemisia(0)/m/n/8 τότε ἐπιθήσω τὸ ἔλεός μου ἐπ’ αὐτούςτὸ σάββατον λέγει
 ἐν
 []


Underfull \hbox (badness 1661) in paragraph at lines 947--971
\TU/GFSArtemisia(0)/m/n/8 ἐγενετο καθ’ ἃ ἐλάλησεν κύριοςζητήσωμεν δέ, εἰ ἔστιν 
ναὸς
 []


Underfull \hbox (badness 1668) in paragraph at lines 947--971
\TU/GFSArtemisia(0)/m/n/8 τὸ πονηρόνκρινεῖς δικαίωςοὐ ποιήσεις σχίσμα, εἰρηνεύσ
εις δὲ
 []


Underfull \hbox (badness 2318) in paragraph at lines 947--971
\TU/GFSArtemisia(0)/m/n/8 τὴ ψυχὴν αὐτῶν· εἰδωλολατρεία, θρασύτης, ὕψος δυνάμεω
ς,
 []


Underfull \hbox (badness 1331) in paragraph at lines 947--971
\TU/GFSArtemisia(0)/m/n/8 γὰρ ταῦτα ποιῶν ἐν τῇ βασιλείᾳ τοῦ θεοῦ δοξασθήσεται·
 ὁ
 []

[1246] [1247] [1248] [1249] [1250] [1251] [1252] [1253] [1254] [1255]
Underfull \hbox (badness 10000) in paragraph at lines 971--971
[]\TU/GFSArtemisia(0)/b/n/10.95 Διδαχη κυριου δια των δωδεκα
 []


Underfull \hbox (badness 1348) in paragraph at lines 972--1074
\TU/GFSArtemisia(0)/m/n/8 δολος, υπερηφανια, κακια, αυθαδεια, πλεονεξια, αισχρο
λογια,
 []


Underfull \hbox (badness 1924) in paragraph at lines 972--1074
\TU/GFSArtemisia(0)/m/n/8 ποιησαντα αυτους, φονεις τεκνων, φθορεις πλασματος θε
ου,
 []


Underfull \hbox (badness 1038) in paragraph at lines 972--1074
\TU/GFSArtemisia(0)/m/n/8 πλουσιων παρακλητοι, πενητων ανομοι κριται, πανθαμαρτ
ητοι,
 []

[1256] [1257] [1258] [1259] [1260] (./Bible.aux) ) ) 
Here is how much of TeX's memory you used:
 5820 strings out of 476257
 152330 string characters out of 5816918
 1774432 words of memory out of 5000000
 26457 multiletter control sequences out of 15000+600000
 404220 words of font info for 41 fonts, out of 8000000 for 9000
 1348 hyphenation exceptions out of 8191
 78i,5n,88p,4928b,232s stack positions out of 5000i,500n,10000p,200000b,80000s

Output written on Bible.pdf (1260 pages).
